<?xml version="1.0" encoding="UTF-8"?>
<testsuite name="SpaceAgeTest" tests="8" skipped="0" failures="0" errors="0" timestamp="2025-07-30T15:05:39" hostname="AR-IT23543" time="0.043">
  <properties/>
  <testcase name="ageOnSaturn()" classname="SpaceAgeTest" time="0.036"/>
  <testcase name="ageOnUranus()" classname="SpaceAgeTest" time="0.001"/>
  <testcase name="ageOnJupiter()" classname="SpaceAgeTest" time="0.001"/>
  <testcase name="ageOnMercury()" classname="SpaceAgeTest" time="0.001"/>
  <testcase name="ageOnEarth()" classname="SpaceAgeTest" time="0.001"/>
  <testcase name="ageOnVenus()" classname="SpaceAgeTest" time="0.0"/>
  <testcase name="ageOnMars()" classname="SpaceAgeTest" time="0.0"/>
  <testcase name="ageOnNeptune()" classname="SpaceAgeTest" time="0.001"/>
  <system-out><![CDATA[]]></system-out>
  <system-err><![CDATA[]]></system-err>
</testsuite>
